<testdata xmlns="">
	<mycash/>
	<mytxt/>
	<mynum>3</mynum>
	<test/>
</testdata>